2017-12-26 09:27:18.984  INFO 4180 --- [main] c.e.wordsearch.WordsearchApplication     : Starting WordsearchApplication on RETDAYV-9440294 with PID 4180 (C:\Test\wordsearch\target\classes started by kannans6 in C:\Test\wordsearch)
2017-12-26 09:27:18.992  INFO 4180 --- [main] c.e.wordsearch.WordsearchApplication     : No active profile set, falling back to default profiles: default
2017-12-26 09:27:19.472  INFO 4180 --- [main] ationConfigEmbeddedWebApplicationContext : Refreshing org.springframework.boot.context.embedded.AnnotationConfigEmbeddedWebApplicationContext@4df828d7: startup date [Tue Dec 26 09:27:19 EST 2017]; root of context hierarchy
2017-12-26 09:27:32.379  INFO 4180 --- [main] s.b.c.e.t.TomcatEmbeddedServletContainer : Tomcat initialized with port(s): 8080 (http)
2017-12-26 09:27:32.455  INFO 4180 --- [main] o.apache.catalina.core.StandardService   : Starting service [Tomcat]
2017-12-26 09:27:32.458  INFO 4180 --- [main] org.apache.catalina.core.StandardEngine  : Starting Servlet Engine: Apache Tomcat/8.5.23
2017-12-26 09:27:33.324  INFO 4180 --- [localhost-startStop-1] o.a.c.c.C.[Tomcat].[localhost].[/]       : Initializing Spring embedded WebApplicationContext
2017-12-26 09:27:33.326  INFO 4180 --- [localhost-startStop-1] o.s.web.context.ContextLoader            : Root WebApplicationContext: initialization completed in 13946 ms
2017-12-26 09:27:35.281  INFO 4180 --- [localhost-startStop-1] o.s.b.w.servlet.ServletRegistrationBean  : Mapping servlet: 'dispatcherServlet' to [/]
2017-12-26 09:27:35.292  INFO 4180 --- [localhost-startStop-1] o.s.b.w.servlet.FilterRegistrationBean   : Mapping filter: 'metricsFilter' to: [/*]
2017-12-26 09:27:35.294  INFO 4180 --- [localhost-startStop-1] o.s.b.w.servlet.FilterRegistrationBean   : Mapping filter: 'characterEncodingFilter' to: [/*]
2017-12-26 09:27:35.297  INFO 4180 --- [localhost-startStop-1] o.s.b.w.servlet.FilterRegistrationBean   : Mapping filter: 'hiddenHttpMethodFilter' to: [/*]
2017-12-26 09:27:35.298  INFO 4180 --- [localhost-startStop-1] o.s.b.w.servlet.FilterRegistrationBean   : Mapping filter: 'httpPutFormContentFilter' to: [/*]
2017-12-26 09:27:35.302  INFO 4180 --- [localhost-startStop-1] o.s.b.w.servlet.FilterRegistrationBean   : Mapping filter: 'requestContextFilter' to: [/*]
2017-12-26 09:27:35.304  INFO 4180 --- [localhost-startStop-1] o.s.b.w.servlet.FilterRegistrationBean   : Mapping filter: 'webRequestLoggingFilter' to: [/*]
2017-12-26 09:27:35.306  INFO 4180 --- [localhost-startStop-1] o.s.b.w.servlet.FilterRegistrationBean   : Mapping filter: 'applicationContextIdFilter' to: [/*]
2017-12-26 09:27:38.393  INFO 4180 --- [main] s.w.s.m.m.a.RequestMappingHandlerAdapter : Looking for @ControllerAdvice: org.springframework.boot.context.embedded.AnnotationConfigEmbeddedWebApplicationContext@4df828d7: startup date [Tue Dec 26 09:27:19 EST 2017]; root of context hierarchy
2017-12-26 09:27:41.852  INFO 4180 --- [main] s.w.s.m.m.a.RequestMappingHandlerMapping : Mapped "{[/api/search],methods=[POST]}" onto public org.springframework.http.ResponseEntity<?> com.example.wordsearch.controller.SearchTermController.doSearch(com.example.wordsearch.dto.SearchTerm)
2017-12-26 09:27:41.928  INFO 4180 --- [main] s.w.s.m.m.a.RequestMappingHandlerMapping : Mapped "{[/error]}" onto public org.springframework.http.ResponseEntity<java.util.Map<java.lang.String, java.lang.Object>> org.springframework.boot.autoconfigure.web.BasicErrorController.error(javax.servlet.http.HttpServletRequest)
2017-12-26 09:27:41.930  INFO 4180 --- [main] s.w.s.m.m.a.RequestMappingHandlerMapping : Mapped "{[/error],produces=[text/html]}" onto public org.springframework.web.servlet.ModelAndView org.springframework.boot.autoconfigure.web.BasicErrorController.errorHtml(javax.servlet.http.HttpServletRequest,javax.servlet.http.HttpServletResponse)
2017-12-26 09:27:43.597  INFO 4180 --- [main] o.s.w.s.handler.SimpleUrlHandlerMapping  : Mapped URL path [/webjars/**] onto handler of type [class org.springframework.web.servlet.resource.ResourceHttpRequestHandler]
2017-12-26 09:27:43.599  INFO 4180 --- [main] o.s.w.s.handler.SimpleUrlHandlerMapping  : Mapped URL path [/**] onto handler of type [class org.springframework.web.servlet.resource.ResourceHttpRequestHandler]
2017-12-26 09:27:43.927  INFO 4180 --- [main] .m.m.a.ExceptionHandlerExceptionResolver : Detected @ExceptionHandler methods in customExceptionHandler
2017-12-26 09:27:44.082  INFO 4180 --- [main] o.s.w.s.handler.SimpleUrlHandlerMapping  : Mapped URL path [/**/favicon.ico] onto handler of type [class org.springframework.web.servlet.resource.ResourceHttpRequestHandler]
2017-12-26 09:27:49.593  INFO 4180 --- [main] o.s.b.a.e.mvc.EndpointHandlerMapping     : Mapped "{[/info || /info.json],methods=[GET],produces=[application/vnd.spring-boot.actuator.v1+json || application/json]}" onto public java.lang.Object org.springframework.boot.actuate.endpoint.mvc.EndpointMvcAdapter.invoke()
2017-12-26 09:27:49.757  INFO 4180 --- [main] o.s.b.a.e.mvc.EndpointHandlerMapping     : Mapped "{[/loggers/{name:.*}],methods=[GET],produces=[application/vnd.spring-boot.actuator.v1+json || application/json]}" onto public java.lang.Object org.springframework.boot.actuate.endpoint.mvc.LoggersMvcEndpoint.get(java.lang.String)
2017-12-26 09:27:49.758  INFO 4180 --- [main] o.s.b.a.e.mvc.EndpointHandlerMapping     : Mapped "{[/loggers/{name:.*}],methods=[POST],consumes=[application/vnd.spring-boot.actuator.v1+json || application/json],produces=[application/vnd.spring-boot.actuator.v1+json || application/json]}" onto public java.lang.Object org.springframework.boot.actuate.endpoint.mvc.LoggersMvcEndpoint.set(java.lang.String,java.util.Map<java.lang.String, java.lang.String>)
2017-12-26 09:27:49.767  INFO 4180 --- [main] o.s.b.a.e.mvc.EndpointHandlerMapping     : Mapped "{[/loggers || /loggers.json],methods=[GET],produces=[application/vnd.spring-boot.actuator.v1+json || application/json]}" onto public java.lang.Object org.springframework.boot.actuate.endpoint.mvc.EndpointMvcAdapter.invoke()
2017-12-26 09:27:49.768  INFO 4180 --- [main] o.s.b.a.e.mvc.EndpointHandlerMapping     : Mapped "{[/dump || /dump.json],methods=[GET],produces=[application/vnd.spring-boot.actuator.v1+json || application/json]}" onto public java.lang.Object org.springframework.boot.actuate.endpoint.mvc.EndpointMvcAdapter.invoke()
2017-12-26 09:27:49.771  INFO 4180 --- [main] o.s.b.a.e.mvc.EndpointHandlerMapping     : Mapped "{[/beans || /beans.json],methods=[GET],produces=[application/vnd.spring-boot.actuator.v1+json || application/json]}" onto public java.lang.Object org.springframework.boot.actuate.endpoint.mvc.EndpointMvcAdapter.invoke()
2017-12-26 09:27:49.776  INFO 4180 --- [main] o.s.b.a.e.mvc.EndpointHandlerMapping     : Mapped "{[/metrics/{name:.*}],methods=[GET],produces=[application/vnd.spring-boot.actuator.v1+json || application/json]}" onto public java.lang.Object org.springframework.boot.actuate.endpoint.mvc.MetricsMvcEndpoint.value(java.lang.String)
2017-12-26 09:27:49.776  INFO 4180 --- [main] o.s.b.a.e.mvc.EndpointHandlerMapping     : Mapped "{[/metrics || /metrics.json],methods=[GET],produces=[application/vnd.spring-boot.actuator.v1+json || application/json]}" onto public java.lang.Object org.springframework.boot.actuate.endpoint.mvc.EndpointMvcAdapter.invoke()
2017-12-26 09:27:49.778  INFO 4180 --- [main] o.s.b.a.e.mvc.EndpointHandlerMapping     : Mapped "{[/health || /health.json],methods=[GET],produces=[application/vnd.spring-boot.actuator.v1+json || application/json]}" onto public java.lang.Object org.springframework.boot.actuate.endpoint.mvc.HealthMvcEndpoint.invoke(javax.servlet.http.HttpServletRequest,java.security.Principal)
2017-12-26 09:27:49.784  INFO 4180 --- [main] o.s.b.a.e.mvc.EndpointHandlerMapping     : Mapped "{[/heapdump || /heapdump.json],methods=[GET],produces=[application/octet-stream]}" onto public void org.springframework.boot.actuate.endpoint.mvc.HeapdumpMvcEndpoint.invoke(boolean,javax.servlet.http.HttpServletRequest,javax.servlet.http.HttpServletResponse) throws java.io.IOException,javax.servlet.ServletException
2017-12-26 09:27:49.785  INFO 4180 --- [main] o.s.b.a.e.mvc.EndpointHandlerMapping     : Mapped "{[/mappings || /mappings.json],methods=[GET],produces=[application/vnd.spring-boot.actuator.v1+json || application/json]}" onto public java.lang.Object org.springframework.boot.actuate.endpoint.mvc.EndpointMvcAdapter.invoke()
2017-12-26 09:27:49.788  INFO 4180 --- [main] o.s.b.a.e.mvc.EndpointHandlerMapping     : Mapped "{[/auditevents || /auditevents.json],methods=[GET],produces=[application/vnd.spring-boot.actuator.v1+json || application/json]}" onto public org.springframework.http.ResponseEntity<?> org.springframework.boot.actuate.endpoint.mvc.AuditEventsMvcEndpoint.findByPrincipalAndAfterAndType(java.lang.String,java.util.Date,java.lang.String)
2017-12-26 09:27:49.792  INFO 4180 --- [main] o.s.b.a.e.mvc.EndpointHandlerMapping     : Mapped "{[/trace || /trace.json],methods=[GET],produces=[application/vnd.spring-boot.actuator.v1+json || application/json]}" onto public java.lang.Object org.springframework.boot.actuate.endpoint.mvc.EndpointMvcAdapter.invoke()
2017-12-26 09:27:49.796  INFO 4180 --- [main] o.s.b.a.e.mvc.EndpointHandlerMapping     : Mapped "{[/configprops || /configprops.json],methods=[GET],produces=[application/vnd.spring-boot.actuator.v1+json || application/json]}" onto public java.lang.Object org.springframework.boot.actuate.endpoint.mvc.EndpointMvcAdapter.invoke()
2017-12-26 09:27:49.809  INFO 4180 --- [main] o.s.b.a.e.mvc.EndpointHandlerMapping     : Mapped "{[/env/{name:.*}],methods=[GET],produces=[application/vnd.spring-boot.actuator.v1+json || application/json]}" onto public java.lang.Object org.springframework.boot.actuate.endpoint.mvc.EnvironmentMvcEndpoint.value(java.lang.String)
2017-12-26 09:27:49.809  INFO 4180 --- [main] o.s.b.a.e.mvc.EndpointHandlerMapping     : Mapped "{[/env || /env.json],methods=[GET],produces=[application/vnd.spring-boot.actuator.v1+json || application/json]}" onto public java.lang.Object org.springframework.boot.actuate.endpoint.mvc.EndpointMvcAdapter.invoke()
2017-12-26 09:27:49.823  INFO 4180 --- [main] o.s.b.a.e.mvc.EndpointHandlerMapping     : Mapped "{[/logfile || /logfile.json],methods=[GET || HEAD]}" onto public void org.springframework.boot.actuate.endpoint.mvc.LogFileMvcEndpoint.invoke(javax.servlet.http.HttpServletRequest,javax.servlet.http.HttpServletResponse) throws javax.servlet.ServletException,java.io.IOException
2017-12-26 09:27:49.827  INFO 4180 --- [main] o.s.b.a.e.mvc.EndpointHandlerMapping     : Mapped "{[/autoconfig || /autoconfig.json],methods=[GET],produces=[application/vnd.spring-boot.actuator.v1+json || application/json]}" onto public java.lang.Object org.springframework.boot.actuate.endpoint.mvc.EndpointMvcAdapter.invoke()
2017-12-26 09:27:57.375  INFO 4180 --- [main] o.s.j.e.a.AnnotationMBeanExporter        : Registering beans for JMX exposure on startup
2017-12-26 09:27:57.550  INFO 4180 --- [main] o.s.c.support.DefaultLifecycleProcessor  : Starting beans in phase 0
2017-12-26 09:28:00.309  INFO 4180 --- [main] s.b.c.e.t.TomcatEmbeddedServletContainer : Tomcat started on port(s): 8080 (http)
2017-12-26 09:28:00.334  INFO 4180 --- [main] c.e.wordsearch.WordsearchApplication     : Started WordsearchApplication in 43.005 seconds (JVM running for 44.386)
2017-12-26 09:28:06.715  INFO 4180 --- [http-nio-8080-exec-10] o.a.c.c.C.[Tomcat].[localhost].[/]       : Initializing Spring FrameworkServlet 'dispatcherServlet'
2017-12-26 09:28:06.716  INFO 4180 --- [http-nio-8080-exec-10] o.s.web.servlet.DispatcherServlet        : FrameworkServlet 'dispatcherServlet': initialization started
2017-12-26 09:28:06.791  INFO 4180 --- [http-nio-8080-exec-10] o.s.web.servlet.DispatcherServlet        : FrameworkServlet 'dispatcherServlet': initialization completed in 74 ms
2017-12-26 09:28:07.620  INFO 4180 --- [http-nio-8080-exec-10] c.e.w.controller.SearchTermController    : keyword List >> [steak, cheese, apples]
2017-12-26 09:28:07.623  INFO 4180 --- [http-nio-8080-exec-10] c.e.w.controller.SearchTermController    : folder to Scan >> C:\Development\filesToIndex
2017-12-26 09:28:07.624  INFO 4180 --- [http-nio-8080-exec-10] c.e.w.service.WordSearchServiceImpl      :  path C:\Development\filesToIndex
2017-12-26 09:28:07.625  INFO 4180 --- [http-nio-8080-exec-10] c.e.w.service.WordSearchServiceImpl      : coming here
2017-12-26 09:28:07.633  INFO 4180 --- [http-nio-8080-exec-10] c.e.w.service.WordSearchServiceImpl      : file To Process file:///C:/Development/filesToIndex/dairy-foods.txt
2017-12-26 09:28:07.735  INFO 4180 --- [http-nio-8080-exec-10] c.e.w.service.WordSearchServiceImpl      : Reading file contains >> [apples bananas, kananas, salad, mushrooms, cheeseapples bananas, kananas, salad, steak, ]
2017-12-26 09:28:07.744  INFO 4180 --- [http-nio-8080-exec-10] c.e.w.service.WordSearchServiceImpl      : Match Foundtrue
2017-12-26 09:28:07.745  INFO 4180 --- [http-nio-8080-exec-10] c.e.w.service.WordSearchServiceImpl      : Match Found
2017-12-26 09:28:07.746  INFO 4180 --- [http-nio-8080-exec-10] c.e.w.service.WordSearchServiceImpl      : Match Foundfalse
2017-12-26 09:28:07.746  INFO 4180 --- [http-nio-8080-exec-10] c.e.w.service.WordSearchServiceImpl      : Match Foundfalse
2017-12-26 09:28:07.748  INFO 4180 --- [http-nio-8080-exec-10] c.e.w.service.WordSearchServiceImpl      : file To Process file:///C:/Development/filesToIndex/deron-foods.txt
2017-12-26 09:28:07.752  INFO 4180 --- [http-nio-8080-exec-10] c.e.w.service.WordSearchServiceImpl      : Reading file contains >> [Here are some foods that Nicole likes: , kananas, salad, mushrooms, cheese steak, steak cheese, cheese steak, cheese steak, cheese steak apples]
2017-12-26 09:28:07.752  INFO 4180 --- [http-nio-8080-exec-10] c.e.w.service.WordSearchServiceImpl      : Match Foundtrue
2017-12-26 09:28:07.752  INFO 4180 --- [http-nio-8080-exec-10] c.e.w.service.WordSearchServiceImpl      : Match Found
2017-12-26 09:28:07.753  INFO 4180 --- [http-nio-8080-exec-10] c.e.w.service.WordSearchServiceImpl      : Match Foundtrue
2017-12-26 09:28:07.755  INFO 4180 --- [http-nio-8080-exec-10] c.e.w.service.WordSearchServiceImpl      : Match Found
2017-12-26 09:28:07.755  INFO 4180 --- [http-nio-8080-exec-10] c.e.w.service.WordSearchServiceImpl      : Match Foundtrue
2017-12-26 09:28:07.755  INFO 4180 --- [http-nio-8080-exec-10] c.e.w.service.WordSearchServiceImpl      : Match Found
2017-12-26 09:28:07.756  INFO 4180 --- [http-nio-8080-exec-10] c.e.w.service.WordSearchServiceImpl      : Exact Matches
2017-12-26 09:28:07.756  INFO 4180 --- [http-nio-8080-exec-10] c.e.w.service.WordSearchServiceImpl      : file To Process file:///C:/Development/filesToIndex/nicole-foods.txt
2017-12-26 09:28:07.757  INFO 4180 --- [http-nio-8080-exec-10] c.e.w.service.WordSearchServiceImpl      : Reading file contains >> [apples bananas, kananas salad fruits french fries apples, salad, mushrooms steak , cheese , , ]
2017-12-26 09:28:07.758  INFO 4180 --- [http-nio-8080-exec-10] c.e.w.service.WordSearchServiceImpl      : Match Foundtrue
2017-12-26 09:28:07.759  INFO 4180 --- [http-nio-8080-exec-10] c.e.w.service.WordSearchServiceImpl      : Match Found
2017-12-26 09:28:07.761  INFO 4180 --- [http-nio-8080-exec-10] c.e.w.service.WordSearchServiceImpl      : Match Foundtrue
2017-12-26 09:28:07.761  INFO 4180 --- [http-nio-8080-exec-10] c.e.w.service.WordSearchServiceImpl      : Match Found
2017-12-26 09:28:07.762  INFO 4180 --- [http-nio-8080-exec-10] c.e.w.service.WordSearchServiceImpl      : Match Foundtrue
2017-12-26 09:28:07.763  INFO 4180 --- [http-nio-8080-exec-10] c.e.w.service.WordSearchServiceImpl      : Match Found
2017-12-26 09:28:07.764  INFO 4180 --- [http-nio-8080-exec-10] c.e.w.service.WordSearchServiceImpl      : Exact Matches
2017-12-26 09:28:07.765  INFO 4180 --- [http-nio-8080-exec-10] c.e.w.service.WordSearchServiceImpl      : file To Process file:///C:/Development/filesToIndex/nicole-foods1%20-%20Copy.txt
2017-12-26 09:28:07.766  INFO 4180 --- [http-nio-8080-exec-10] c.e.w.service.WordSearchServiceImpl      : Reading file contains >> [Here are some foods that Nicole likes, apples bananas, kananas, salad, mushrooms, steak cheese]
2017-12-26 09:28:07.767  INFO 4180 --- [http-nio-8080-exec-10] c.e.w.service.WordSearchServiceImpl      : Match Foundfalse
2017-12-26 09:28:07.767  INFO 4180 --- [http-nio-8080-exec-10] c.e.w.service.WordSearchServiceImpl      : Match Foundtrue
2017-12-26 09:28:07.768  INFO 4180 --- [http-nio-8080-exec-10] c.e.w.service.WordSearchServiceImpl      : Match Found
2017-12-26 09:28:07.768  INFO 4180 --- [http-nio-8080-exec-10] c.e.w.service.WordSearchServiceImpl      : Match Foundfalse
2017-12-26 09:28:07.769  INFO 4180 --- [http-nio-8080-exec-10] c.e.w.service.WordSearchServiceImpl      : file To Process file:///C:/Development/filesToIndex/Planning.txt
2017-12-26 09:28:07.770  INFO 4180 --- [http-nio-8080-exec-10] c.e.w.service.WordSearchServiceImpl      : Reading file contains >> [, , Create project structure, Controller:,  role: ,   collect property value ,   prepare for validation ,   get response from API - {Valid response,No results},   handle Api errors. - https://github.com/magiccrafter/spring-boot-exception-handling/blob/master/src/main/java/com/example/rest/error/GlobalControllerExceptionHandler.java,   ,  Add health checks: https://spring.io/guides/gs/spring-boot/,  Add security https://spring.io/guides/gs/spring-boot/,  ,  https://www.javabrahman.com/quick-tips/java-8-how-to-count-words-in-a-text-file-in-java-using-nio-and-streams-api/]
2017-12-26 09:28:07.771  INFO 4180 --- [http-nio-8080-exec-10] c.e.w.service.WordSearchServiceImpl      : Match Foundfalse
2017-12-26 09:28:07.772  INFO 4180 --- [http-nio-8080-exec-10] c.e.w.service.WordSearchServiceImpl      : Match Foundfalse
2017-12-26 09:28:07.772  INFO 4180 --- [http-nio-8080-exec-10] c.e.w.service.WordSearchServiceImpl      : Match Foundfalse
2017-12-26 09:28:07.773  INFO 4180 --- [http-nio-8080-exec-10] c.e.w.service.WordSearchServiceImpl      : file To Process file:///C:/Development/filesToIndex/subFolder/stored-foods.txt
2017-12-26 09:28:07.774  INFO 4180 --- [http-nio-8080-exec-10] c.e.w.service.WordSearchServiceImpl      : Reading file contains >> [Here are some foods that Nicole likes:, apples bananas, kananas salad fruits french fries apples, salad, mushrooms steak , cheese , , ]
2017-12-26 09:28:07.777  INFO 4180 --- [http-nio-8080-exec-10] c.e.w.service.WordSearchServiceImpl      : Match Foundtrue
2017-12-26 09:28:07.851  INFO 4180 --- [http-nio-8080-exec-10] c.e.w.service.WordSearchServiceImpl      : Match Found
2017-12-26 09:28:07.851  INFO 4180 --- [http-nio-8080-exec-10] c.e.w.service.WordSearchServiceImpl      : Match Foundtrue
2017-12-26 09:28:07.851  INFO 4180 --- [http-nio-8080-exec-10] c.e.w.service.WordSearchServiceImpl      : Match Found
2017-12-26 09:28:07.852  INFO 4180 --- [http-nio-8080-exec-10] c.e.w.service.WordSearchServiceImpl      : Match Foundtrue
2017-12-26 09:28:07.852  INFO 4180 --- [http-nio-8080-exec-10] c.e.w.service.WordSearchServiceImpl      : Match Found
2017-12-26 09:28:07.853  INFO 4180 --- [http-nio-8080-exec-10] c.e.w.service.WordSearchServiceImpl      : Exact Matches
2017-12-26 09:28:07.854  INFO 4180 --- [http-nio-8080-exec-10] c.e.w.service.WordSearchServiceImpl      :  matchFileList [file:///C:/Development/filesToIndex/deron-foods.txt, file:///C:/Development/filesToIndex/nicole-foods.txt, file:///C:/Development/filesToIndex/subFolder/stored-foods.txt]
2017-12-26 09:28:07.854  INFO 4180 --- [http-nio-8080-exec-10] c.e.w.controller.SearchTermController    :  RESULT {[steak, cheese, apples]=[file:///C:/Development/filesToIndex/deron-foods.txt, file:///C:/Development/filesToIndex/nicole-foods.txt, file:///C:/Development/filesToIndex/subFolder/stored-foods.txt]}
2017-12-26 09:29:15.229  INFO 4180 --- [http-nio-8080-exec-7] s.b.a.e.m.MvcEndpointSecurityInterceptor : Full authentication is required to access actuator endpoints. Consider adding Spring Security or set 'management.security.enabled' to false.
2017-12-26 09:31:00.577  INFO 7284 --- [main] c.e.wordsearch.WordsearchApplication     : Starting WordsearchApplication on RETDAYV-9440294 with PID 7284 (C:\Test\wordsearch\target\classes started by kannans6 in C:\Test\wordsearch)
2017-12-26 09:31:00.586  INFO 7284 --- [main] c.e.wordsearch.WordsearchApplication     : The following profiles are active: dev
2017-12-26 09:31:01.046  INFO 7284 --- [main] ationConfigEmbeddedWebApplicationContext : Refreshing org.springframework.boot.context.embedded.AnnotationConfigEmbeddedWebApplicationContext@15d9bc04: startup date [Tue Dec 26 09:31:01 EST 2017]; root of context hierarchy
2017-12-26 09:31:11.629  INFO 7284 --- [main] s.b.c.e.t.TomcatEmbeddedServletContainer : Tomcat initialized with port(s): 8080 (http)
2017-12-26 09:31:11.664  INFO 7284 --- [main] o.apache.catalina.core.StandardService   : Starting service [Tomcat]
2017-12-26 09:31:11.667  INFO 7284 --- [main] org.apache.catalina.core.StandardEngine  : Starting Servlet Engine: Apache Tomcat/8.5.23
2017-12-26 09:31:12.482  INFO 7284 --- [localhost-startStop-1] o.a.c.c.C.[Tomcat].[localhost].[/]       : Initializing Spring embedded WebApplicationContext
2017-12-26 09:31:12.483  INFO 7284 --- [localhost-startStop-1] o.s.web.context.ContextLoader            : Root WebApplicationContext: initialization completed in 11444 ms
2017-12-26 09:31:14.163  INFO 7284 --- [localhost-startStop-1] o.s.b.w.servlet.ServletRegistrationBean  : Mapping servlet: 'dispatcherServlet' to [/]
2017-12-26 09:31:14.172  INFO 7284 --- [localhost-startStop-1] o.s.b.w.servlet.FilterRegistrationBean   : Mapping filter: 'metricsFilter' to: [/*]
2017-12-26 09:31:14.173  INFO 7284 --- [localhost-startStop-1] o.s.b.w.servlet.FilterRegistrationBean   : Mapping filter: 'characterEncodingFilter' to: [/*]
2017-12-26 09:31:14.174  INFO 7284 --- [localhost-startStop-1] o.s.b.w.servlet.FilterRegistrationBean   : Mapping filter: 'hiddenHttpMethodFilter' to: [/*]
2017-12-26 09:31:14.174  INFO 7284 --- [localhost-startStop-1] o.s.b.w.servlet.FilterRegistrationBean   : Mapping filter: 'httpPutFormContentFilter' to: [/*]
2017-12-26 09:31:14.177  INFO 7284 --- [localhost-startStop-1] o.s.b.w.servlet.FilterRegistrationBean   : Mapping filter: 'requestContextFilter' to: [/*]
2017-12-26 09:31:14.178  INFO 7284 --- [localhost-startStop-1] o.s.b.w.servlet.FilterRegistrationBean   : Mapping filter: 'webRequestLoggingFilter' to: [/*]
2017-12-26 09:31:14.180  INFO 7284 --- [localhost-startStop-1] o.s.b.w.servlet.FilterRegistrationBean   : Mapping filter: 'applicationContextIdFilter' to: [/*]
2017-12-26 09:31:16.346  INFO 7284 --- [main] s.w.s.m.m.a.RequestMappingHandlerAdapter : Looking for @ControllerAdvice: org.springframework.boot.context.embedded.AnnotationConfigEmbeddedWebApplicationContext@15d9bc04: startup date [Tue Dec 26 09:31:01 EST 2017]; root of context hierarchy
2017-12-26 09:31:19.739  INFO 7284 --- [main] s.w.s.m.m.a.RequestMappingHandlerMapping : Mapped "{[/api/search],methods=[POST]}" onto public org.springframework.http.ResponseEntity<?> com.example.wordsearch.controller.SearchTermController.doSearch(com.example.wordsearch.dto.SearchTerm)
2017-12-26 09:31:19.843  INFO 7284 --- [main] s.w.s.m.m.a.RequestMappingHandlerMapping : Mapped "{[/error]}" onto public org.springframework.http.ResponseEntity<java.util.Map<java.lang.String, java.lang.Object>> org.springframework.boot.autoconfigure.web.BasicErrorController.error(javax.servlet.http.HttpServletRequest)
2017-12-26 09:31:19.860  INFO 7284 --- [main] s.w.s.m.m.a.RequestMappingHandlerMapping : Mapped "{[/error],produces=[text/html]}" onto public org.springframework.web.servlet.ModelAndView org.springframework.boot.autoconfigure.web.BasicErrorController.errorHtml(javax.servlet.http.HttpServletRequest,javax.servlet.http.HttpServletResponse)
2017-12-26 09:31:21.297  INFO 7284 --- [main] o.s.w.s.handler.SimpleUrlHandlerMapping  : Mapped URL path [/webjars/**] onto handler of type [class org.springframework.web.servlet.resource.ResourceHttpRequestHandler]
2017-12-26 09:31:21.299  INFO 7284 --- [main] o.s.w.s.handler.SimpleUrlHandlerMapping  : Mapped URL path [/**] onto handler of type [class org.springframework.web.servlet.resource.ResourceHttpRequestHandler]
2017-12-26 09:31:21.562  INFO 7284 --- [main] .m.m.a.ExceptionHandlerExceptionResolver : Detected @ExceptionHandler methods in customExceptionHandler
2017-12-26 09:31:22.418  INFO 7284 --- [main] o.s.w.s.handler.SimpleUrlHandlerMapping  : Mapped URL path [/**/favicon.ico] onto handler of type [class org.springframework.web.servlet.resource.ResourceHttpRequestHandler]
2017-12-26 09:31:27.672  INFO 7284 --- [main] o.s.b.a.e.mvc.EndpointHandlerMapping     : Mapped "{[/mappings || /mappings.json],methods=[GET],produces=[application/vnd.spring-boot.actuator.v1+json || application/json]}" onto public java.lang.Object org.springframework.boot.actuate.endpoint.mvc.EndpointMvcAdapter.invoke()
2017-12-26 09:31:27.843  INFO 7284 --- [main] o.s.b.a.e.mvc.EndpointHandlerMapping     : Mapped "{[/health || /health.json],methods=[GET],produces=[application/vnd.spring-boot.actuator.v1+json || application/json]}" onto public java.lang.Object org.springframework.boot.actuate.endpoint.mvc.HealthMvcEndpoint.invoke(javax.servlet.http.HttpServletRequest,java.security.Principal)
2017-12-26 09:31:27.848  INFO 7284 --- [main] o.s.b.a.e.mvc.EndpointHandlerMapping     : Mapped "{[/info || /info.json],methods=[GET],produces=[application/vnd.spring-boot.actuator.v1+json || application/json]}" onto public java.lang.Object org.springframework.boot.actuate.endpoint.mvc.EndpointMvcAdapter.invoke()
2017-12-26 09:31:27.853  INFO 7284 --- [main] o.s.b.a.e.mvc.EndpointHandlerMapping     : Mapped "{[/loggers/{name:.*}],methods=[GET],produces=[application/vnd.spring-boot.actuator.v1+json || application/json]}" onto public java.lang.Object org.springframework.boot.actuate.endpoint.mvc.LoggersMvcEndpoint.get(java.lang.String)
2017-12-26 09:31:27.862  INFO 7284 --- [main] o.s.b.a.e.mvc.EndpointHandlerMapping     : Mapped "{[/loggers/{name:.*}],methods=[POST],consumes=[application/vnd.spring-boot.actuator.v1+json || application/json],produces=[application/vnd.spring-boot.actuator.v1+json || application/json]}" onto public java.lang.Object org.springframework.boot.actuate.endpoint.mvc.LoggersMvcEndpoint.set(java.lang.String,java.util.Map<java.lang.String, java.lang.String>)
2017-12-26 09:31:27.862  INFO 7284 --- [main] o.s.b.a.e.mvc.EndpointHandlerMapping     : Mapped "{[/loggers || /loggers.json],methods=[GET],produces=[application/vnd.spring-boot.actuator.v1+json || application/json]}" onto public java.lang.Object org.springframework.boot.actuate.endpoint.mvc.EndpointMvcAdapter.invoke()
2017-12-26 09:31:27.865  INFO 7284 --- [main] o.s.b.a.e.mvc.EndpointHandlerMapping     : Mapped "{[/metrics/{name:.*}],methods=[GET],produces=[application/vnd.spring-boot.actuator.v1+json || application/json]}" onto public java.lang.Object org.springframework.boot.actuate.endpoint.mvc.MetricsMvcEndpoint.value(java.lang.String)
2017-12-26 09:31:27.866  INFO 7284 --- [main] o.s.b.a.e.mvc.EndpointHandlerMapping     : Mapped "{[/metrics || /metrics.json],methods=[GET],produces=[application/vnd.spring-boot.actuator.v1+json || application/json]}" onto public java.lang.Object org.springframework.boot.actuate.endpoint.mvc.EndpointMvcAdapter.invoke()
2017-12-26 09:31:27.875  INFO 7284 --- [main] o.s.b.a.e.mvc.EndpointHandlerMapping     : Mapped "{[/beans || /beans.json],methods=[GET],produces=[application/vnd.spring-boot.actuator.v1+json || application/json]}" onto public java.lang.Object org.springframework.boot.actuate.endpoint.mvc.EndpointMvcAdapter.invoke()
2017-12-26 09:31:27.877  INFO 7284 --- [main] o.s.b.a.e.mvc.EndpointHandlerMapping     : Mapped "{[/dump || /dump.json],methods=[GET],produces=[application/vnd.spring-boot.actuator.v1+json || application/json]}" onto public java.lang.Object org.springframework.boot.actuate.endpoint.mvc.EndpointMvcAdapter.invoke()
2017-12-26 09:31:27.883  INFO 7284 --- [main] o.s.b.a.e.mvc.EndpointHandlerMapping     : Mapped "{[/auditevents || /auditevents.json],methods=[GET],produces=[application/vnd.spring-boot.actuator.v1+json || application/json]}" onto public org.springframework.http.ResponseEntity<?> org.springframework.boot.actuate.endpoint.mvc.AuditEventsMvcEndpoint.findByPrincipalAndAfterAndType(java.lang.String,java.util.Date,java.lang.String)
2017-12-26 09:31:27.890  INFO 7284 --- [main] o.s.b.a.e.mvc.EndpointHandlerMapping     : Mapped "{[/configprops || /configprops.json],methods=[GET],produces=[application/vnd.spring-boot.actuator.v1+json || application/json]}" onto public java.lang.Object org.springframework.boot.actuate.endpoint.mvc.EndpointMvcAdapter.invoke()
2017-12-26 09:31:27.892  INFO 7284 --- [main] o.s.b.a.e.mvc.EndpointHandlerMapping     : Mapped "{[/heapdump || /heapdump.json],methods=[GET],produces=[application/octet-stream]}" onto public void org.springframework.boot.actuate.endpoint.mvc.HeapdumpMvcEndpoint.invoke(boolean,javax.servlet.http.HttpServletRequest,javax.servlet.http.HttpServletResponse) throws java.io.IOException,javax.servlet.ServletException
2017-12-26 09:31:27.904  INFO 7284 --- [main] o.s.b.a.e.mvc.EndpointHandlerMapping     : Mapped "{[/env/{name:.*}],methods=[GET],produces=[application/vnd.spring-boot.actuator.v1+json || application/json]}" onto public java.lang.Object org.springframework.boot.actuate.endpoint.mvc.EnvironmentMvcEndpoint.value(java.lang.String)
2017-12-26 09:31:27.904  INFO 7284 --- [main] o.s.b.a.e.mvc.EndpointHandlerMapping     : Mapped "{[/env || /env.json],methods=[GET],produces=[application/vnd.spring-boot.actuator.v1+json || application/json]}" onto public java.lang.Object org.springframework.boot.actuate.endpoint.mvc.EndpointMvcAdapter.invoke()
2017-12-26 09:31:27.909  INFO 7284 --- [main] o.s.b.a.e.mvc.EndpointHandlerMapping     : Mapped "{[/autoconfig || /autoconfig.json],methods=[GET],produces=[application/vnd.spring-boot.actuator.v1+json || application/json]}" onto public java.lang.Object org.springframework.boot.actuate.endpoint.mvc.EndpointMvcAdapter.invoke()
2017-12-26 09:31:27.911  INFO 7284 --- [main] o.s.b.a.e.mvc.EndpointHandlerMapping     : Mapped "{[/logfile || /logfile.json],methods=[GET || HEAD]}" onto public void org.springframework.boot.actuate.endpoint.mvc.LogFileMvcEndpoint.invoke(javax.servlet.http.HttpServletRequest,javax.servlet.http.HttpServletResponse) throws javax.servlet.ServletException,java.io.IOException
2017-12-26 09:31:27.913  INFO 7284 --- [main] o.s.b.a.e.mvc.EndpointHandlerMapping     : Mapped "{[/trace || /trace.json],methods=[GET],produces=[application/vnd.spring-boot.actuator.v1+json || application/json]}" onto public java.lang.Object org.springframework.boot.actuate.endpoint.mvc.EndpointMvcAdapter.invoke()
2017-12-26 09:31:35.069  INFO 7284 --- [main] o.s.j.e.a.AnnotationMBeanExporter        : Registering beans for JMX exposure on startup
2017-12-26 09:31:35.170  INFO 7284 --- [main] o.s.c.support.DefaultLifecycleProcessor  : Starting beans in phase 0
2017-12-26 09:31:36.305  INFO 7284 --- [main] s.b.c.e.t.TomcatEmbeddedServletContainer : Tomcat started on port(s): 8080 (http)
2017-12-26 09:31:36.317  INFO 7284 --- [main] c.e.wordsearch.WordsearchApplication     : Started WordsearchApplication in 37.249 seconds (JVM running for 39.816)
2017-12-26 09:31:43.589  INFO 7284 --- [http-nio-8080-exec-10] o.a.c.c.C.[Tomcat].[localhost].[/]       : Initializing Spring FrameworkServlet 'dispatcherServlet'
2017-12-26 09:31:43.594  INFO 7284 --- [http-nio-8080-exec-10] o.s.web.servlet.DispatcherServlet        : FrameworkServlet 'dispatcherServlet': initialization started
2017-12-26 09:31:43.663  INFO 7284 --- [http-nio-8080-exec-10] o.s.web.servlet.DispatcherServlet        : FrameworkServlet 'dispatcherServlet': initialization completed in 67 ms
2017-12-26 09:31:44.113  INFO 7284 --- [http-nio-8080-exec-10] c.e.w.controller.SearchTermController    : keyword List >> [steak, cheese, apples]
2017-12-26 09:31:44.114  INFO 7284 --- [http-nio-8080-exec-10] c.e.w.controller.SearchTermController    : folder to Scan >> C:\Development\filesToIndex
2017-12-26 09:31:44.114  INFO 7284 --- [http-nio-8080-exec-10] c.e.w.service.WordSearchServiceImpl      :  path C:\Development\filesToIndex
2017-12-26 09:31:44.115  INFO 7284 --- [http-nio-8080-exec-10] c.e.w.service.WordSearchServiceImpl      : coming here
2017-12-26 09:31:44.123  INFO 7284 --- [http-nio-8080-exec-10] c.e.w.service.WordSearchServiceImpl      : file To Process file:///C:/Development/filesToIndex/dairy-foods.txt
2017-12-26 09:31:44.152  INFO 7284 --- [http-nio-8080-exec-10] c.e.w.service.WordSearchServiceImpl      : Reading file contains >> [apples bananas, kananas, salad, mushrooms, cheeseapples bananas, kananas, salad, steak, ]
2017-12-26 09:31:44.160  INFO 7284 --- [http-nio-8080-exec-10] c.e.w.service.WordSearchServiceImpl      : Match Foundtrue
2017-12-26 09:31:44.161  INFO 7284 --- [http-nio-8080-exec-10] c.e.w.service.WordSearchServiceImpl      : Match Found
2017-12-26 09:31:44.162  INFO 7284 --- [http-nio-8080-exec-10] c.e.w.service.WordSearchServiceImpl      : Match Foundfalse
2017-12-26 09:31:44.162  INFO 7284 --- [http-nio-8080-exec-10] c.e.w.service.WordSearchServiceImpl      : Match Foundfalse
2017-12-26 09:31:44.164  INFO 7284 --- [http-nio-8080-exec-10] c.e.w.service.WordSearchServiceImpl      : file To Process file:///C:/Development/filesToIndex/deron-foods.txt
2017-12-26 09:31:44.167  INFO 7284 --- [http-nio-8080-exec-10] c.e.w.service.WordSearchServiceImpl      : Reading file contains >> [Here are some foods that Nicole likes: , kananas, salad, mushrooms, cheese steak, steak cheese, cheese steak, cheese steak, cheese steak apples]
2017-12-26 09:31:44.168  INFO 7284 --- [http-nio-8080-exec-10] c.e.w.service.WordSearchServiceImpl      : Match Foundtrue
2017-12-26 09:31:44.168  INFO 7284 --- [http-nio-8080-exec-10] c.e.w.service.WordSearchServiceImpl      : Match Found
2017-12-26 09:31:44.168  INFO 7284 --- [http-nio-8080-exec-10] c.e.w.service.WordSearchServiceImpl      : Match Foundtrue
2017-12-26 09:31:44.170  INFO 7284 --- [http-nio-8080-exec-10] c.e.w.service.WordSearchServiceImpl      : Match Found
2017-12-26 09:31:44.171  INFO 7284 --- [http-nio-8080-exec-10] c.e.w.service.WordSearchServiceImpl      : Match Foundtrue
2017-12-26 09:31:44.171  INFO 7284 --- [http-nio-8080-exec-10] c.e.w.service.WordSearchServiceImpl      : Match Found
2017-12-26 09:31:44.171  INFO 7284 --- [http-nio-8080-exec-10] c.e.w.service.WordSearchServiceImpl      : Exact Matches
2017-12-26 09:31:44.172  INFO 7284 --- [http-nio-8080-exec-10] c.e.w.service.WordSearchServiceImpl      : file To Process file:///C:/Development/filesToIndex/nicole-foods.txt
2017-12-26 09:31:44.173  INFO 7284 --- [http-nio-8080-exec-10] c.e.w.service.WordSearchServiceImpl      : Reading file contains >> [apples bananas, kananas salad fruits french fries apples, salad, mushrooms steak , cheese , , ]
2017-12-26 09:31:44.173  INFO 7284 --- [http-nio-8080-exec-10] c.e.w.service.WordSearchServiceImpl      : Match Foundtrue
2017-12-26 09:31:44.174  INFO 7284 --- [http-nio-8080-exec-10] c.e.w.service.WordSearchServiceImpl      : Match Found
2017-12-26 09:31:44.174  INFO 7284 --- [http-nio-8080-exec-10] c.e.w.service.WordSearchServiceImpl      : Match Foundtrue
2017-12-26 09:31:44.175  INFO 7284 --- [http-nio-8080-exec-10] c.e.w.service.WordSearchServiceImpl      : Match Found
2017-12-26 09:31:44.176  INFO 7284 --- [http-nio-8080-exec-10] c.e.w.service.WordSearchServiceImpl      : Match Foundtrue
2017-12-26 09:31:44.179  INFO 7284 --- [http-nio-8080-exec-10] c.e.w.service.WordSearchServiceImpl      : Match Found
2017-12-26 09:31:44.180  INFO 7284 --- [http-nio-8080-exec-10] c.e.w.service.WordSearchServiceImpl      : Exact Matches
2017-12-26 09:31:44.182  INFO 7284 --- [http-nio-8080-exec-10] c.e.w.service.WordSearchServiceImpl      : file To Process file:///C:/Development/filesToIndex/nicole-foods1%20-%20Copy.txt
2017-12-26 09:31:44.183  INFO 7284 --- [http-nio-8080-exec-10] c.e.w.service.WordSearchServiceImpl      : Reading file contains >> [Here are some foods that Nicole likes, apples bananas, kananas, salad, mushrooms, steak cheese]
2017-12-26 09:31:44.183  INFO 7284 --- [http-nio-8080-exec-10] c.e.w.service.WordSearchServiceImpl      : Match Foundfalse
2017-12-26 09:31:44.184  INFO 7284 --- [http-nio-8080-exec-10] c.e.w.service.WordSearchServiceImpl      : Match Foundtrue
2017-12-26 09:31:44.184  INFO 7284 --- [http-nio-8080-exec-10] c.e.w.service.WordSearchServiceImpl      : Match Found
2017-12-26 09:31:44.185  INFO 7284 --- [http-nio-8080-exec-10] c.e.w.service.WordSearchServiceImpl      : Match Foundfalse
2017-12-26 09:31:44.185  INFO 7284 --- [http-nio-8080-exec-10] c.e.w.service.WordSearchServiceImpl      : file To Process file:///C:/Development/filesToIndex/Planning.txt
2017-12-26 09:31:44.187  INFO 7284 --- [http-nio-8080-exec-10] c.e.w.service.WordSearchServiceImpl      : Reading file contains >> [, , Create project structure, Controller:,  role: ,   collect property value ,   prepare for validation ,   get response from API - {Valid response,No results},   handle Api errors. - https://github.com/magiccrafter/spring-boot-exception-handling/blob/master/src/main/java/com/example/rest/error/GlobalControllerExceptionHandler.java,   ,  Add health checks: https://spring.io/guides/gs/spring-boot/,  Add security https://spring.io/guides/gs/spring-boot/,  ,  https://www.javabrahman.com/quick-tips/java-8-how-to-count-words-in-a-text-file-in-java-using-nio-and-streams-api/]
2017-12-26 09:31:44.188  INFO 7284 --- [http-nio-8080-exec-10] c.e.w.service.WordSearchServiceImpl      : Match Foundfalse
2017-12-26 09:31:44.189  INFO 7284 --- [http-nio-8080-exec-10] c.e.w.service.WordSearchServiceImpl      : Match Foundfalse
2017-12-26 09:31:44.192  INFO 7284 --- [http-nio-8080-exec-10] c.e.w.service.WordSearchServiceImpl      : Match Foundfalse
2017-12-26 09:31:44.193  INFO 7284 --- [http-nio-8080-exec-10] c.e.w.service.WordSearchServiceImpl      : file To Process file:///C:/Development/filesToIndex/subFolder/stored-foods.txt
2017-12-26 09:31:44.200  INFO 7284 --- [http-nio-8080-exec-10] c.e.w.service.WordSearchServiceImpl      : Reading file contains >> [Here are some foods that Nicole likes:, apples bananas, kananas salad fruits french fries apples, salad, mushrooms steak , cheese , , ]
2017-12-26 09:31:44.200  INFO 7284 --- [http-nio-8080-exec-10] c.e.w.service.WordSearchServiceImpl      : Match Foundtrue
2017-12-26 09:31:44.201  INFO 7284 --- [http-nio-8080-exec-10] c.e.w.service.WordSearchServiceImpl      : Match Found
2017-12-26 09:31:44.201  INFO 7284 --- [http-nio-8080-exec-10] c.e.w.service.WordSearchServiceImpl      : Match Foundtrue
2017-12-26 09:31:44.201  INFO 7284 --- [http-nio-8080-exec-10] c.e.w.service.WordSearchServiceImpl      : Match Found
2017-12-26 09:31:44.201  INFO 7284 --- [http-nio-8080-exec-10] c.e.w.service.WordSearchServiceImpl      : Match Foundtrue
2017-12-26 09:31:44.202  INFO 7284 --- [http-nio-8080-exec-10] c.e.w.service.WordSearchServiceImpl      : Match Found
2017-12-26 09:31:44.204  INFO 7284 --- [http-nio-8080-exec-10] c.e.w.service.WordSearchServiceImpl      : Exact Matches
2017-12-26 09:31:44.205  INFO 7284 --- [http-nio-8080-exec-10] c.e.w.service.WordSearchServiceImpl      :  matchFileList [file:///C:/Development/filesToIndex/deron-foods.txt, file:///C:/Development/filesToIndex/nicole-foods.txt, file:///C:/Development/filesToIndex/subFolder/stored-foods.txt]
2017-12-26 09:31:44.206  INFO 7284 --- [http-nio-8080-exec-10] c.e.w.controller.SearchTermController    :  RESULT {[steak, cheese, apples]=[file:///C:/Development/filesToIndex/deron-foods.txt, file:///C:/Development/filesToIndex/nicole-foods.txt, file:///C:/Development/filesToIndex/subFolder/stored-foods.txt]}
2017-12-26 09:32:45.268  INFO 7284 --- [http-nio-8080-exec-6] c.e.w.controller.SearchTermController    : keyword List >> [steak, cheese, apples]
2017-12-26 09:32:45.269  INFO 7284 --- [http-nio-8080-exec-6] c.e.w.controller.SearchTermController    : folder to Scan >> C:\Development\filesToIndex
2017-12-26 09:32:45.269  INFO 7284 --- [http-nio-8080-exec-6] c.e.w.service.WordSearchServiceImpl      :  path C:\Development\filesToIndex
2017-12-26 09:32:45.269  INFO 7284 --- [http-nio-8080-exec-6] c.e.w.service.WordSearchServiceImpl      : coming here
2017-12-26 09:32:45.270  INFO 7284 --- [http-nio-8080-exec-6] c.e.w.service.WordSearchServiceImpl      : file To Process file:///C:/Development/filesToIndex/dairy-foods.txt
2017-12-26 09:32:45.272  INFO 7284 --- [http-nio-8080-exec-6] c.e.w.service.WordSearchServiceImpl      : Reading file contains >> [apples bananas, kananas, salad, mushrooms, cheeseapples bananas, kananas, salad, steak, ]
2017-12-26 09:32:45.272  INFO 7284 --- [http-nio-8080-exec-6] c.e.w.service.WordSearchServiceImpl      : Match Foundtrue
2017-12-26 09:32:45.272  INFO 7284 --- [http-nio-8080-exec-6] c.e.w.service.WordSearchServiceImpl      : Match Found
2017-12-26 09:32:45.272  INFO 7284 --- [http-nio-8080-exec-6] c.e.w.service.WordSearchServiceImpl      : Match Foundfalse
2017-12-26 09:32:45.273  INFO 7284 --- [http-nio-8080-exec-6] c.e.w.service.WordSearchServiceImpl      : Match Foundfalse
2017-12-26 09:32:45.273  INFO 7284 --- [http-nio-8080-exec-6] c.e.w.service.WordSearchServiceImpl      : file To Process file:///C:/Development/filesToIndex/deron-foods.txt
2017-12-26 09:32:45.274  INFO 7284 --- [http-nio-8080-exec-6] c.e.w.service.WordSearchServiceImpl      : Reading file contains >> [Here are some foods that Nicole likes: , kananas, salad, mushrooms, cheese steak, steak cheese, cheese steak, cheese steak, cheese steak apples]
2017-12-26 09:32:45.276  INFO 7284 --- [http-nio-8080-exec-6] c.e.w.service.WordSearchServiceImpl      : Match Foundtrue
2017-12-26 09:32:45.277  INFO 7284 --- [http-nio-8080-exec-6] c.e.w.service.WordSearchServiceImpl      : Match Found
2017-12-26 09:32:45.278  INFO 7284 --- [http-nio-8080-exec-6] c.e.w.service.WordSearchServiceImpl      : Match Foundtrue
2017-12-26 09:32:45.278  INFO 7284 --- [http-nio-8080-exec-6] c.e.w.service.WordSearchServiceImpl      : Match Found
2017-12-26 09:32:45.279  INFO 7284 --- [http-nio-8080-exec-6] c.e.w.service.WordSearchServiceImpl      : Match Foundtrue
2017-12-26 09:32:45.279  INFO 7284 --- [http-nio-8080-exec-6] c.e.w.service.WordSearchServiceImpl      : Match Found
2017-12-26 09:32:45.279  INFO 7284 --- [http-nio-8080-exec-6] c.e.w.service.WordSearchServiceImpl      : Exact Matches
2017-12-26 09:32:45.281  INFO 7284 --- [http-nio-8080-exec-6] c.e.w.service.WordSearchServiceImpl      : file To Process file:///C:/Development/filesToIndex/nicole-foods.txt
2017-12-26 09:32:45.282  INFO 7284 --- [http-nio-8080-exec-6] c.e.w.service.WordSearchServiceImpl      : Reading file contains >> [apples bananas, kananas salad fruits french fries apples, salad, mushrooms steak , cheese , , ]
2017-12-26 09:32:45.284  INFO 7284 --- [http-nio-8080-exec-6] c.e.w.service.WordSearchServiceImpl      : Match Foundtrue
2017-12-26 09:32:45.285  INFO 7284 --- [http-nio-8080-exec-6] c.e.w.service.WordSearchServiceImpl      : Match Found
2017-12-26 09:32:45.286  INFO 7284 --- [http-nio-8080-exec-6] c.e.w.service.WordSearchServiceImpl      : Match Foundtrue
2017-12-26 09:32:45.286  INFO 7284 --- [http-nio-8080-exec-6] c.e.w.service.WordSearchServiceImpl      : Match Found
2017-12-26 09:32:45.286  INFO 7284 --- [http-nio-8080-exec-6] c.e.w.service.WordSearchServiceImpl      : Match Foundtrue
2017-12-26 09:32:45.287  INFO 7284 --- [http-nio-8080-exec-6] c.e.w.service.WordSearchServiceImpl      : Match Found
2017-12-26 09:32:45.287  INFO 7284 --- [http-nio-8080-exec-6] c.e.w.service.WordSearchServiceImpl      : Exact Matches
2017-12-26 09:32:45.287  INFO 7284 --- [http-nio-8080-exec-6] c.e.w.service.WordSearchServiceImpl      : file To Process file:///C:/Development/filesToIndex/nicole-foods1%20-%20Copy.txt
2017-12-26 09:32:45.300  INFO 7284 --- [http-nio-8080-exec-6] c.e.w.service.WordSearchServiceImpl      : Reading file contains >> [Here are some foods that Nicole likes, apples bananas, kananas, salad, mushrooms, steak cheese]
2017-12-26 09:32:45.301  INFO 7284 --- [http-nio-8080-exec-6] c.e.w.service.WordSearchServiceImpl      : Match Foundfalse
2017-12-26 09:32:45.301  INFO 7284 --- [http-nio-8080-exec-6] c.e.w.service.WordSearchServiceImpl      : Match Foundtrue
2017-12-26 09:32:45.302  INFO 7284 --- [http-nio-8080-exec-6] c.e.w.service.WordSearchServiceImpl      : Match Found
2017-12-26 09:32:45.302  INFO 7284 --- [http-nio-8080-exec-6] c.e.w.service.WordSearchServiceImpl      : Match Foundfalse
2017-12-26 09:32:45.302  INFO 7284 --- [http-nio-8080-exec-6] c.e.w.service.WordSearchServiceImpl      : file To Process file:///C:/Development/filesToIndex/Planning.txt
2017-12-26 09:32:45.303  INFO 7284 --- [http-nio-8080-exec-6] c.e.w.service.WordSearchServiceImpl      : Reading file contains >> [, , Create project structure, Controller:,  role: ,   collect property value ,   prepare for validation ,   get response from API - {Valid response,No results},   handle Api errors. - https://github.com/magiccrafter/spring-boot-exception-handling/blob/master/src/main/java/com/example/rest/error/GlobalControllerExceptionHandler.java,   ,  Add health checks: https://spring.io/guides/gs/spring-boot/,  Add security https://spring.io/guides/gs/spring-boot/,  ,  https://www.javabrahman.com/quick-tips/java-8-how-to-count-words-in-a-text-file-in-java-using-nio-and-streams-api/]
2017-12-26 09:32:45.305  INFO 7284 --- [http-nio-8080-exec-6] c.e.w.service.WordSearchServiceImpl      : Match Foundfalse
2017-12-26 09:32:45.316  INFO 7284 --- [http-nio-8080-exec-6] c.e.w.service.WordSearchServiceImpl      : Match Foundfalse
2017-12-26 09:32:45.316  INFO 7284 --- [http-nio-8080-exec-6] c.e.w.service.WordSearchServiceImpl      : Match Foundfalse
2017-12-26 09:32:45.317  INFO 7284 --- [http-nio-8080-exec-6] c.e.w.service.WordSearchServiceImpl      : file To Process file:///C:/Development/filesToIndex/subFolder/stored-foods.txt
2017-12-26 09:32:45.318  INFO 7284 --- [http-nio-8080-exec-6] c.e.w.service.WordSearchServiceImpl      : Reading file contains >> [Here are some foods that Nicole likes:, apples bananas, kananas salad fruits french fries apples, salad, mushrooms steak , cheese , , ]
2017-12-26 09:32:45.319  INFO 7284 --- [http-nio-8080-exec-6] c.e.w.service.WordSearchServiceImpl      : Match Foundtrue
2017-12-26 09:32:45.320  INFO 7284 --- [http-nio-8080-exec-6] c.e.w.service.WordSearchServiceImpl      : Match Found
2017-12-26 09:32:45.320  INFO 7284 --- [http-nio-8080-exec-6] c.e.w.service.WordSearchServiceImpl      : Match Foundtrue
2017-12-26 09:32:45.321  INFO 7284 --- [http-nio-8080-exec-6] c.e.w.service.WordSearchServiceImpl      : Match Found
2017-12-26 09:32:45.321  INFO 7284 --- [http-nio-8080-exec-6] c.e.w.service.WordSearchServiceImpl      : Match Foundtrue
2017-12-26 09:32:45.321  INFO 7284 --- [http-nio-8080-exec-6] c.e.w.service.WordSearchServiceImpl      : Match Found
2017-12-26 09:32:45.321  INFO 7284 --- [http-nio-8080-exec-6] c.e.w.service.WordSearchServiceImpl      : Exact Matches
2017-12-26 09:32:45.322  INFO 7284 --- [http-nio-8080-exec-6] c.e.w.service.WordSearchServiceImpl      :  matchFileList [file:///C:/Development/filesToIndex/deron-foods.txt, file:///C:/Development/filesToIndex/nicole-foods.txt, file:///C:/Development/filesToIndex/subFolder/stored-foods.txt]
2017-12-26 09:32:45.322  INFO 7284 --- [http-nio-8080-exec-6] c.e.w.controller.SearchTermController    :  RESULT {[steak, cheese, apples]=[file:///C:/Development/filesToIndex/deron-foods.txt, file:///C:/Development/filesToIndex/nicole-foods.txt, file:///C:/Development/filesToIndex/subFolder/stored-foods.txt]}
2017-12-26 09:32:46.647  INFO 7284 --- [http-nio-8080-exec-5] c.e.w.controller.SearchTermController    : keyword List >> [steak, cheese, apples]
2017-12-26 09:32:46.649  INFO 7284 --- [http-nio-8080-exec-5] c.e.w.controller.SearchTermController    : folder to Scan >> C:\Development\filesToIndex
2017-12-26 09:32:46.649  INFO 7284 --- [http-nio-8080-exec-5] c.e.w.service.WordSearchServiceImpl      :  path C:\Development\filesToIndex
2017-12-26 09:32:46.649  INFO 7284 --- [http-nio-8080-exec-5] c.e.w.service.WordSearchServiceImpl      : coming here
2017-12-26 09:32:46.650  INFO 7284 --- [http-nio-8080-exec-5] c.e.w.service.WordSearchServiceImpl      : file To Process file:///C:/Development/filesToIndex/dairy-foods.txt
2017-12-26 09:32:46.652  INFO 7284 --- [http-nio-8080-exec-5] c.e.w.service.WordSearchServiceImpl      : Reading file contains >> [apples bananas, kananas, salad, mushrooms, cheeseapples bananas, kananas, salad, steak, ]
2017-12-26 09:32:46.653  INFO 7284 --- [http-nio-8080-exec-5] c.e.w.service.WordSearchServiceImpl      : Match Foundtrue
2017-12-26 09:32:46.654  INFO 7284 --- [http-nio-8080-exec-5] c.e.w.service.WordSearchServiceImpl      : Match Found
2017-12-26 09:32:46.659  INFO 7284 --- [http-nio-8080-exec-5] c.e.w.service.WordSearchServiceImpl      : Match Foundfalse
2017-12-26 09:32:46.660  INFO 7284 --- [http-nio-8080-exec-5] c.e.w.service.WordSearchServiceImpl      : Match Foundfalse
2017-12-26 09:32:46.660  INFO 7284 --- [http-nio-8080-exec-5] c.e.w.service.WordSearchServiceImpl      : file To Process file:///C:/Development/filesToIndex/deron-foods.txt
2017-12-26 09:32:46.662  INFO 7284 --- [http-nio-8080-exec-5] c.e.w.service.WordSearchServiceImpl      : Reading file contains >> [Here are some foods that Nicole likes: , kananas, salad, mushrooms, cheese steak, steak cheese, cheese steak, cheese steak, cheese steak apples]
2017-12-26 09:32:46.663  INFO 7284 --- [http-nio-8080-exec-5] c.e.w.service.WordSearchServiceImpl      : Match Foundtrue
2017-12-26 09:32:46.663  INFO 7284 --- [http-nio-8080-exec-5] c.e.w.service.WordSearchServiceImpl      : Match Found
2017-12-26 09:32:46.664  INFO 7284 --- [http-nio-8080-exec-5] c.e.w.service.WordSearchServiceImpl      : Match Foundtrue
2017-12-26 09:32:46.664  INFO 7284 --- [http-nio-8080-exec-5] c.e.w.service.WordSearchServiceImpl      : Match Found
2017-12-26 09:32:46.665  INFO 7284 --- [http-nio-8080-exec-5] c.e.w.service.WordSearchServiceImpl      : Match Foundtrue
2017-12-26 09:32:46.666  INFO 7284 --- [http-nio-8080-exec-5] c.e.w.service.WordSearchServiceImpl      : Match Found
2017-12-26 09:32:46.666  INFO 7284 --- [http-nio-8080-exec-5] c.e.w.service.WordSearchServiceImpl      : Exact Matches
2017-12-26 09:32:46.667  INFO 7284 --- [http-nio-8080-exec-5] c.e.w.service.WordSearchServiceImpl      : file To Process file:///C:/Development/filesToIndex/nicole-foods.txt
2017-12-26 09:32:46.684  INFO 7284 --- [http-nio-8080-exec-5] c.e.w.service.WordSearchServiceImpl      : Reading file contains >> [apples bananas, kananas salad fruits french fries apples, salad, mushrooms steak , cheese , , ]
2017-12-26 09:32:46.685  INFO 7284 --- [http-nio-8080-exec-5] c.e.w.service.WordSearchServiceImpl      : Match Foundtrue
2017-12-26 09:32:46.686  INFO 7284 --- [http-nio-8080-exec-5] c.e.w.service.WordSearchServiceImpl      : Match Found
2017-12-26 09:32:46.686  INFO 7284 --- [http-nio-8080-exec-5] c.e.w.service.WordSearchServiceImpl      : Match Foundtrue
2017-12-26 09:32:46.686  INFO 7284 --- [http-nio-8080-exec-5] c.e.w.service.WordSearchServiceImpl      : Match Found
2017-12-26 09:32:46.686  INFO 7284 --- [http-nio-8080-exec-5] c.e.w.service.WordSearchServiceImpl      : Match Foundtrue
2017-12-26 09:32:46.686  INFO 7284 --- [http-nio-8080-exec-5] c.e.w.service.WordSearchServiceImpl      : Match Found
2017-12-26 09:32:46.687  INFO 7284 --- [http-nio-8080-exec-5] c.e.w.service.WordSearchServiceImpl      : Exact Matches
2017-12-26 09:32:46.687  INFO 7284 --- [http-nio-8080-exec-5] c.e.w.service.WordSearchServiceImpl      : file To Process file:///C:/Development/filesToIndex/nicole-foods1%20-%20Copy.txt
2017-12-26 09:32:46.688  INFO 7284 --- [http-nio-8080-exec-5] c.e.w.service.WordSearchServiceImpl      : Reading file contains >> [Here are some foods that Nicole likes, apples bananas, kananas, salad, mushrooms, steak cheese]
2017-12-26 09:32:46.713  INFO 7284 --- [http-nio-8080-exec-5] c.e.w.service.WordSearchServiceImpl      : Match Foundfalse
2017-12-26 09:32:46.714  INFO 7284 --- [http-nio-8080-exec-5] c.e.w.service.WordSearchServiceImpl      : Match Foundtrue
2017-12-26 09:32:46.714  INFO 7284 --- [http-nio-8080-exec-5] c.e.w.service.WordSearchServiceImpl      : Match Found
2017-12-26 09:32:46.714  INFO 7284 --- [http-nio-8080-exec-5] c.e.w.service.WordSearchServiceImpl      : Match Foundfalse
2017-12-26 09:32:46.714  INFO 7284 --- [http-nio-8080-exec-5] c.e.w.service.WordSearchServiceImpl      : file To Process file:///C:/Development/filesToIndex/Planning.txt
2017-12-26 09:32:46.725  INFO 7284 --- [http-nio-8080-exec-5] c.e.w.service.WordSearchServiceImpl      : Reading file contains >> [, , Create project structure, Controller:,  role: ,   collect property value ,   prepare for validation ,   get response from API - {Valid response,No results},   handle Api errors. - https://github.com/magiccrafter/spring-boot-exception-handling/blob/master/src/main/java/com/example/rest/error/GlobalControllerExceptionHandler.java,   ,  Add health checks: https://spring.io/guides/gs/spring-boot/,  Add security https://spring.io/guides/gs/spring-boot/,  ,  https://www.javabrahman.com/quick-tips/java-8-how-to-count-words-in-a-text-file-in-java-using-nio-and-streams-api/]
2017-12-26 09:32:46.726  INFO 7284 --- [http-nio-8080-exec-5] c.e.w.service.WordSearchServiceImpl      : Match Foundfalse
2017-12-26 09:32:46.726  INFO 7284 --- [http-nio-8080-exec-5] c.e.w.service.WordSearchServiceImpl      : Match Foundfalse
2017-12-26 09:32:46.726  INFO 7284 --- [http-nio-8080-exec-5] c.e.w.service.WordSearchServiceImpl      : Match Foundfalse
2017-12-26 09:32:46.727  INFO 7284 --- [http-nio-8080-exec-5] c.e.w.service.WordSearchServiceImpl      : file To Process file:///C:/Development/filesToIndex/subFolder/stored-foods.txt
2017-12-26 09:32:46.728  INFO 7284 --- [http-nio-8080-exec-5] c.e.w.service.WordSearchServiceImpl      : Reading file contains >> [Here are some foods that Nicole likes:, apples bananas, kananas salad fruits french fries apples, salad, mushrooms steak , cheese , , ]
2017-12-26 09:32:46.728  INFO 7284 --- [http-nio-8080-exec-5] c.e.w.service.WordSearchServiceImpl      : Match Foundtrue
2017-12-26 09:32:46.728  INFO 7284 --- [http-nio-8080-exec-5] c.e.w.service.WordSearchServiceImpl      : Match Found
2017-12-26 09:32:46.734  INFO 7284 --- [http-nio-8080-exec-5] c.e.w.service.WordSearchServiceImpl      : Match Foundtrue
2017-12-26 09:32:46.735  INFO 7284 --- [http-nio-8080-exec-5] c.e.w.service.WordSearchServiceImpl      : Match Found
2017-12-26 09:32:46.735  INFO 7284 --- [http-nio-8080-exec-5] c.e.w.service.WordSearchServiceImpl      : Match Foundtrue
2017-12-26 09:32:46.735  INFO 7284 --- [http-nio-8080-exec-5] c.e.w.service.WordSearchServiceImpl      : Match Found
2017-12-26 09:32:46.735  INFO 7284 --- [http-nio-8080-exec-5] c.e.w.service.WordSearchServiceImpl      : Exact Matches
2017-12-26 09:32:46.735  INFO 7284 --- [http-nio-8080-exec-5] c.e.w.service.WordSearchServiceImpl      :  matchFileList [file:///C:/Development/filesToIndex/deron-foods.txt, file:///C:/Development/filesToIndex/nicole-foods.txt, file:///C:/Development/filesToIndex/subFolder/stored-foods.txt]
2017-12-26 09:32:46.736  INFO 7284 --- [http-nio-8080-exec-5] c.e.w.controller.SearchTermController    :  RESULT {[steak, cheese, apples]=[file:///C:/Development/filesToIndex/deron-foods.txt, file:///C:/Development/filesToIndex/nicole-foods.txt, file:///C:/Development/filesToIndex/subFolder/stored-foods.txt]}
